<?xml version="1.0" encoding="UTF-8"?>
<!-- Generated by org.testng.reporters.JUnitReportReporter -->
<testsuite hostname="8V7SXX1MUSTFA" name="org.testlib.LaunchTest" tests="1" failures="0" timestamp="22 Jun 2015 10:57:57 GMT" time="0.010" errors="0">
  <testcase name="launchtest1" time="0.010" classname="org.testlib.LaunchTest"/>
</testsuite> <!-- org.testlib.LaunchTest -->
